<?xml version="1.0" encoding="UTF-8"?>
<!-- Generated by org.testng.reporters.JUnitReportReporter -->
<testsuite hostname="CPC-rusha-RDE7I" failures="0" tests="9" name="parallelExecution.testClass3" time="0.048" errors="0" timestamp="2023-07-18T13:28:51 IST" skipped="0">
  <testcase classname="parallelExecution.testClass3" name="testThree" time="0.002"/>
  <system-out/>
  <testcase classname="parallelExecution.testClass3" name="testFour" time="0.001"/>
  <system-out/>
  <testcase classname="parallelExecution.testClass3" name="testTwo" time="0.002"/>
  <system-out/>
  <testcase classname="parallelExecution.testClass3" name="testFour" time="0.013"/>
  <system-out/>
  <testcase classname="parallelExecution.testClass3" name="testOne" time="0.002"/>
  <system-out/>
  <testcase classname="parallelExecution.testClass3" name="testFour" time="0.013"/>
  <system-out/>
  <testcase classname="parallelExecution.testClass3" name="testFour" time="0.003"/>
  <system-out/>
  <testcase classname="parallelExecution.testClass3" name="testFour" time="0.011"/>
  <system-out/>
  <testcase classname="parallelExecution.testClass3" name="testFour" time="0.001"/>
  <system-out/>
</testsuite> <!-- parallelExecution.testClass3 -->
