<?xml version="1.0" encoding="UTF-8"?>
<!-- Generated by org.testng.reporters.JUnitReportReporter -->
<testsuite hostname="CPC-rusha-RDE7I" failures="0" tests="4" name="testScripts.testClass3" time="0.020" errors="0" timestamp="2023-07-19T11:17:10 IST" skipped="0">
  <testcase classname="testScripts.testClass3" name="testOne" time="0.004"/>
  <system-out/>
  <testcase classname="testScripts.testClass3" name="testTwo" time="0.002"/>
  <system-out/>
  <testcase classname="testScripts.testClass3" name="testFour" time="0.011"/>
  <system-out/>
  <testcase classname="testScripts.testClass3" name="testThree" time="0.003"/>
  <system-out/>
</testsuite> <!-- testScripts.testClass3 -->
