<?xml version="1.0" encoding="UTF-8"?>
<!-- Generated by org.testng.reporters.JUnitReportReporter -->
<testsuite hostname="CPC-rusha-RDE7I" failures="0" tests="4" name="testScripts.testClass4" time="0.000" errors="0" timestamp="2023-07-19T11:16:24 IST" skipped="4">
  <testcase classname="testScripts.testClass4" name="testThree" time="0.000">
    <skipped/>
  </testcase> <!-- testThree -->
  <system-out/>
  <testcase classname="testScripts.testClass4" name="testOne" time="0.000">
    <skipped/>
  </testcase> <!-- testOne -->
  <system-out/>
  <testcase classname="testScripts.testClass4" name="testFour" time="0.000">
    <skipped/>
  </testcase> <!-- testFour -->
  <system-out/>
  <testcase classname="testScripts.testClass4" name="testTwo" time="0.000">
    <skipped/>
  </testcase> <!-- testTwo -->
  <system-out/>
</testsuite> <!-- testScripts.testClass4 -->
