<?xml version="1.0" encoding="UTF-8"?>
<!-- Generated by org.testng.reporters.JUnitReportReporter -->
<testsuite hostname="CPC-rusha-RDE7I" failures="0" tests="2" name="testScripts.testClass4" time="0.002" errors="0" timestamp="2023-07-18T12:42:55 IST" skipped="0">
  <testcase classname="testScripts.testClass4" name="testThree" time="0.001"/>
  <system-out/>
  <testcase classname="testScripts.testClass4" name="testFour" time="0.001"/>
  <system-out/>
</testsuite> <!-- testScripts.testClass4 -->
