<?xml version="1.0" encoding="UTF-8"?>
<!-- Generated by org.testng.reporters.JUnitReportReporter -->
<testsuite hostname="CPC-rusha-RDE7I" failures="0" tests="1" name="testScripts.testClass2" time="0.000" errors="0" timestamp="2023-07-19T11:16:24 IST" skipped="1">
  <testcase classname="testScripts.testClass2" name="cypressSearchTest" time="0.000">
    <skipped/>
  </testcase> <!-- cypressSearchTest -->
  <system-out/>
</testsuite> <!-- testScripts.testClass2 -->
