<?xml version="1.0" encoding="UTF-8"?>
<!-- Generated by org.testng.reporters.JUnitReportReporter -->
<testsuite hostname="CPC-rusha-RDE7I" failures="0" tests="4" name="parallelExecution.testClass5" time="0.024" errors="0" timestamp="2023-07-18T13:20:28 IST" skipped="0">
  <testcase classname="parallelExecution.testClass5" name="testFour" time="0.018"/>
  <system-out/>
  <testcase classname="parallelExecution.testClass5" name="testTwo" time="0.003"/>
  <system-out/>
  <testcase classname="parallelExecution.testClass5" name="testOne" time="0.001"/>
  <system-out/>
  <testcase classname="parallelExecution.testClass5" name="testThree" time="0.002"/>
  <system-out/>
</testsuite> <!-- parallelExecution.testClass5 -->
